23 Apr 02:35:29 INFO: Started module execution: 'inverted_index'
23 Apr 02:35:30 WARNING: Found article with no contents (36); skipped.
23 Apr 02:35:30 WARNING: Found article with no contents (38); skipped.
23 Apr 02:35:30 WARNING: Found article with no contents (128); skipped.
23 Apr 02:35:30 WARNING: Found article with no contents (129); skipped.
23 Apr 02:35:30 WARNING: Found article with no contents (132); skipped.
23 Apr 02:35:30 INFO: Read 162 articles from file ../data/cf74.xml
23 Apr 02:35:31 WARNING: Found article with no contents (168); skipped.
23 Apr 02:35:31 WARNING: Found article with no contents (169); skipped.
23 Apr 02:35:31 WARNING: Found article with no contents (298); skipped.
23 Apr 02:35:31 WARNING: Found article with no contents (329); skipped.
23 Apr 02:35:31 INFO: Read 184 articles from file ../data/cf75.xml
23 Apr 02:35:32 WARNING: Found article with no contents (493); skipped.
23 Apr 02:35:32 WARNING: Found article with no contents (512); skipped.
23 Apr 02:35:32 WARNING: Found article with no contents (551); skipped.
23 Apr 02:35:32 INFO: Read 224 articles from file ../data/cf76.xml
23 Apr 02:35:32 WARNING: Found article with no contents (595); skipped.
23 Apr 02:35:32 WARNING: Found article with no contents (712); skipped.
23 Apr 02:35:32 WARNING: Found article with no contents (729); skipped.
23 Apr 02:35:32 WARNING: Found article with no contents (735); skipped.
23 Apr 02:35:32 WARNING: Found article with no contents (736); skipped.
23 Apr 02:35:32 INFO: Read 194 articles from file ../data/cf77.xml
23 Apr 02:35:33 WARNING: Found article with no contents (839); skipped.
23 Apr 02:35:33 WARNING: Found article with no contents (840); skipped.
23 Apr 02:35:33 WARNING: Found article with no contents (894); skipped.
23 Apr 02:35:33 WARNING: Found article with no contents (895); skipped.
23 Apr 02:35:33 WARNING: Found article with no contents (932); skipped.
23 Apr 02:35:33 WARNING: Found article with no contents (939); skipped.
23 Apr 02:35:33 INFO: Read 193 articles from file ../data/cf78.xml
23 Apr 02:35:34 WARNING: Found article with no contents (1023); skipped.
23 Apr 02:35:34 WARNING: Found article with no contents (1069); skipped.
23 Apr 02:35:34 WARNING: Found article with no contents (1070); skipped.
23 Apr 02:35:34 WARNING: Found article with no contents (1089); skipped.
23 Apr 02:35:34 WARNING: Found article with no contents (1150); skipped.
23 Apr 02:35:34 WARNING: Found article with no contents (1151); skipped.
23 Apr 02:35:34 WARNING: Found article with no contents (1154); skipped.
23 Apr 02:35:34 WARNING: Found article with no contents (1187); skipped.
23 Apr 02:35:34 WARNING: Found article with no contents (1188); skipped.
23 Apr 02:35:34 WARNING: Found article with no contents (1225); skipped.
23 Apr 02:35:34 WARNING: Found article with no contents (1226); skipped.
23 Apr 02:35:34 INFO: Read 248 articles from file ../data/cf79.xml
23 Apr 02:35:45 INFO: Finished module execution: 'inverted_index'
23 Apr 02:35:45 INFO: Started module execution: 'indexer'
23 Apr 02:35:59 INFO: Finished module execution: 'indexer'
23 Apr 02:35:59 INFO: Started module execution: 'query_processor'
23 Apr 02:36:00 INFO: Read 99 queries from file ../data/cfquery.xml
23 Apr 02:36:00 INFO: Finished module execution: 'query_processor'
23 Apr 02:36:00 INFO: Started module execution: 'search'
23 Apr 02:36:10 INFO: Finished module execution: 'search'
23 Apr 02:36:10 INFO: Started module execution: 'metrics'
23 Abr 02:36:12 INFO: Finished module execution: 'metrics'
